# JRE version: OpenJDK Runtime Environment (11.0.11+9) (build 11.0.11+9-b60-7590822)
# Java VM: OpenJDK 64-Bit Server VM (11.0.11+9-b60-7590822, mixed mode, tiered, compressed oops, g1 gc, windows-amd64)
Heap:
 garbage-first heap   total 316416K, used 189403K [0x0000000080000000, 0x0000000100000000)
  region size 1024K, 92 young (94208K), 2 survivors (2048K)
 Metaspace       used 111684K, capacity 114845K, committed 115064K, reserved 1148928K
  class space    used 14115K, capacity 15268K, committed 15360K, reserved 1048576K
GC Heap History (20 events):
Event: 2414.323 GC heap before
{Heap before GC invocations=16 (full 0):
 garbage-first heap   total 316416K, used 263168K [0x0000000080000000, 0x0000000100000000)
  region size 1024K, 146 young (149504K), 21 survivors (21504K)
 Metaspace       used 95138K, capacity 97530K, committed 97740K, reserved 1134592K
  class space    used 12071K, capacity 12984K, committed 13056K, reserved 1048576K
}
Event: 2414.343 GC heap after
{Heap after GC invocations=17 (full 0):
 garbage-first heap   total 316416K, used 118272K [0x0000000080000000, 0x0000000100000000)
  region size 1024K, 5 young (5120K), 5 survivors (5120K)
 Metaspace       used 95138K, capacity 97530K, committed 97740K, reserved 1134592K
  class space    used 12071K, capacity 12984K, committed 13056K, reserved 1048576K
}
Event: 4948.195 GC heap before
{Heap before GC invocations=17 (full 0):
 garbage-first heap   total 316416K, used 261632K [0x0000000080000000, 0x0000000100000000)
  region size 1024K, 129 young (132096K), 5 survivors (5120K)
 Metaspace       used 95595K, capacity 98097K, committed 98252K, reserved 1134592K
  class space    used 12091K, capacity 13019K, committed 13056K, reserved 1048576K
}
Event: 4948.208 GC heap after
{Heap after GC invocations=18 (full 0):
 garbage-first heap   total 316416K, used 122780K [0x0000000080000000, 0x0000000100000000)
  region size 1024K, 10 young (10240K), 10 survivors (10240K)
 Metaspace       used 95595K, capacity 98097K, committed 98252K, reserved 1134592K
  class space    used 12091K, capacity 13019K, committed 13056K, reserved 1048576K
}
Event: 5667.880 GC heap before
{Heap before GC invocations=18 (full 0):
 garbage-first heap   total 316416K, used 258972K [0x0000000080000000, 0x0000000100000000)
  region size 1024K, 134 young (137216K), 10 survivors (10240K)
 Metaspace       used 96206K, capacity 98705K, committed 98892K, reserved 1134592K
  class space    used 12118K, capacity 13068K, committed 13184K, reserved 1048576K
}
Event: 5667.893 GC heap after
{Heap after GC invocations=19 (full 0):
 garbage-first heap   total 316416K, used 130180K [0x0000000080000000, 0x0000000100000000)
  region size 1024K, 12 young (12288K), 12 survivors (12288K)
 Metaspace       used 96206K, capacity 98705K, committed 98892K, reserved 1134592K
  class space    used 12118K, capacity 13068K, committed 13184K, reserved 1048576K
}
Event: 5670.575 GC heap before
{Heap before GC invocations=19 (full 0):
 garbage-first heap   total 316416K, used 266372K [0x0000000080000000, 0x0000000100000000)
  region size 1024K, 131 young (134144K), 12 survivors (12288K)
 Metaspace       used 97597K, capacity 100208K, committed 100300K, reserved 1136640K
  class space    used 12275K, capacity 13224K, committed 13312K, reserved 1048576K
}
Event: 5670.586 GC heap after
{Heap after GC invocations=20 (full 0):
 garbage-first heap   total 316416K, used 129751K [0x0000000080000000, 0x0000000100000000)
  region size 1024K, 7 young (7168K), 7 survivors (7168K)
 Metaspace       used 97597K, capacity 100208K, committed 100300K, reserved 1136640K
  class space    used 12275K, capacity 13224K, committed 13312K, reserved 1048576K
}
Event: 5670.739 GC heap before
{Heap before GC invocations=20 (full 0):
 garbage-first heap   total 316416K, used 138967K [0x0000000080000000, 0x0000000100000000)
  region size 1024K, 15 young (15360K), 7 survivors (7168K)
 Metaspace       used 98288K, capacity 100875K, committed 101036K, reserved 1136640K
  class space    used 12372K, capacity 13308K, committed 13312K, reserved 1048576K
}
Event: 5670.749 GC heap after
{Heap after GC invocations=21 (full 0):
 garbage-first heap   total 316416K, used 129936K [0x0000000080000000, 0x0000000100000000)
  region size 1024K, 7 young (7168K), 7 survivors (7168K)
 Metaspace       used 98288K, capacity 100875K, committed 101036K, reserved 1136640K
  class space    used 12372K, capacity 13308K, committed 13312K, reserved 1048576K
}
Event: 5673.003 GC heap before
{Heap before GC invocations=22 (full 0):
 garbage-first heap   total 316416K, used 229264K [0x0000000080000000, 0x0000000100000000)
  region size 1024K, 123 young (125952K), 7 survivors (7168K)
 Metaspace       used 110037K, capacity 113068K, committed 113272K, reserved 1146880K
  class space    used 14085K, capacity 15273K, committed 15360K, reserved 1048576K
}
Event: 5673.013 GC heap after
{Heap after GC invocations=23 (full 0):
 garbage-first heap   total 316416K, used 111112K [0x0000000080000000, 0x0000000100000000)
  region size 1024K, 9 young (9216K), 9 survivors (9216K)
 Metaspace       used 110037K, capacity 113068K, committed 113272K, reserved 1146880K
  class space    used 14085K, capacity 15273K, committed 15360K, reserved 1048576K
}
Event: 5673.065 GC heap before
{Heap before GC invocations=23 (full 0):
 garbage-first heap   total 316416K, used 117256K [0x0000000080000000, 0x0000000100000000)
  region size 1024K, 15 young (15360K), 9 survivors (9216K)
 Metaspace       used 110037K, capacity 113068K, committed 113272K, reserved 1146880K
  class space    used 14085K, capacity 15273K, committed 15360K, reserved 1048576K
}
Event: 5673.076 GC heap after
{Heap after GC invocations=24 (full 0):
 garbage-first heap   total 316416K, used 88741K [0x0000000080000000, 0x0000000100000000)
  region size 1024K, 1 young (1024K), 1 survivors (1024K)
 Metaspace       used 110037K, capacity 113068K, committed 113272K, reserved 1146880K
  class space    used 14085K, capacity 15273K, committed 15360K, reserved 1048576K
}
Event: 5716.075 GC heap before
{Heap before GC invocations=24 (full 0):
 garbage-first heap   total 316416K, used 263845K [0x0000000080000000, 0x0000000100000000)
  region size 1024K, 148 young (151552K), 1 survivors (1024K)
 Metaspace       used 110346K, capacity 113483K, committed 113784K, reserved 1148928K
  class space    used 14090K, capacity 15277K, committed 15360K, reserved 1048576K
}
Event: 5716.087 GC heap after
{Heap after GC invocations=25 (full 0):
 garbage-first heap   total 316416K, used 96551K [0x0000000080000000, 0x0000000100000000)
  region size 1024K, 9 young (9216K), 9 survivors (9216K)
 Metaspace       used 110346K, capacity 113483K, committed 113784K, reserved 1148928K
  class space    used 14090K, capacity 15277K, committed 15360K, reserved 1048576K
}
Event: 6087.290 GC heap before
{Heap before GC invocations=26 (full 0):
 garbage-first heap   total 316416K, used 254247K [0x0000000080000000, 0x0000000100000000)
  region size 1024K, 154 young (157696K), 9 survivors (9216K)
 Metaspace       used 111011K, capacity 113943K, committed 114552K, reserved 1148928K
  class space    used 14045K, capacity 15140K, committed 15360K, reserved 1048576K
}
Event: 6087.298 GC heap after
{Heap after GC invocations=27 (full 0):
 garbage-first heap   total 316416K, used 97188K [0x0000000080000000, 0x0000000100000000)
  region size 1024K, 9 young (9216K), 9 survivors (9216K)
 Metaspace       used 111011K, capacity 113943K, committed 114552K, reserved 1148928K
  class space    used 14045K, capacity 15140K, committed 15360K, reserved 1048576K
}
Event: 6087.381 GC heap before
{Heap before GC invocations=27 (full 0):
 garbage-first heap   total 316416K, used 103332K [0x0000000080000000, 0x0000000100000000)
  region size 1024K, 15 young (15360K), 9 survivors (9216K)
 Metaspace       used 111021K, capacity 113943K, committed 114552K, reserved 1148928K
  class space    used 14045K, capacity 15140K, committed 15360K, reserved 1048576K
}
Event: 6087.390 GC heap after
{Heap after GC invocations=28 (full 0):
 garbage-first heap   total 316416K, used 96219K [0x0000000080000000, 0x0000000100000000)
  region size 1024K, 2 young (2048K), 2 survivors (2048K)
 Metaspace       used 111021K, capacity 113943K, committed 114552K, reserved 1148928K
  class space    used 14045K, capacity 15140K, committed 15360K, reserved 1048576K
}

